#
# There is insufficient memory for the Java Runtime Environment to continue.
# Cannot create GC thread. Out of system resources.
# Possible reasons:
#   The system is out of physical RAM or swap space
#   In 32 bit mode, the process size limit was hit
# Possible solutions:
#   Reduce memory load on the system
#   Increase physical memory or swap space
#   Check if swap backing store is full
#   Use 64 bit Java on a 64 bit OS
#   Decrease Java heap size (-Xmx/-Xms)
#   Decrease number of Java threads
#   Decrease Java thread stack sizes (-Xss)
#   Set larger code cache with -XX:ReservedCodeCacheSize=
# This output file may be truncated or incomplete.
#
#  Out of Memory Error (gcTaskThread.cpp:48), pid=25385, tid=0x00007f5f2d6ce700
#
# JRE version:  (8.0_171-b11) (build )
# Java VM: OpenJDK 64-Bit Server VM (25.171-b11 mixed mode linux-amd64 compressed oops)
# Failed to write core dump. Core dumps have been disabled. To enable core dumping, try "ulimit -c unlimited" before starting Java again
#

---------------  T H R E A D  ---------------

Current thread (0x00007f5f2400a800):  JavaThread "Unknown thread" [_thread_in_vm, id=25386, stack(0x00007f5f2d5ce000,0x00007f5f2d6cf000)]

Stack: [0x00007f5f2d5ce000,0x00007f5f2d6cf000],  sp=0x00007f5f2d6cd800,  free space=1022k
Native frames: (J=compiled Java code, j=interpreted, Vv=VM code, C=native code)
V  [libjvm.so+0xa6db9b]
V  [libjvm.so+0x4c694c]
V  [libjvm.so+0x5a87ff]
V  [libjvm.so+0x5a7967]
V  [libjvm.so+0x8e0169]
V  [libjvm.so+0xa310f9]
V  [libjvm.so+0xa31342]
V  [libjvm.so+0x61133f]
V  [libjvm.so+0xa166ea]
V  [libjvm.so+0x68b8c2]  JNI_CreateJavaVM+0x62
C  [libjli.so+0x2f2e]
C  [libjli.so+0x74ad]
C  [libpthread.so.0+0x76ba]  start_thread+0xca


---------------  P R O C E S S  ---------------

Java Threads: ( => current thread )

Other Threads:

=>0x00007f5f2400a800 (exited) JavaThread "Unknown thread" [_thread_in_vm, id=25386, stack(0x00007f5f2d5ce000,0x00007f5f2d6cf000)]

VM state:not at safepoint (not fully initialized)

VM Mutex/Monitor currently owned by a thread: None

GC Heap History (0 events):
No events

Deoptimization events (0 events):
No events

Classes redefined (0 events):
No events

Internal exceptions (0 events):
No events

Events (0 events):
No events


Dynamic libraries:
00400000-00401000 r-xp 00000000 08:01 17047026                           /usr/lib/jvm/java-8-openjdk-amd64/bin/jps
00600000-00601000 r--p 00000000 08:01 17047026                           /usr/lib/jvm/java-8-openjdk-amd64/bin/jps
00601000-00602000 rw-p 00001000 08:01 17047026                           /usr/lib/jvm/java-8-openjdk-amd64/bin/jps
00b56000-00b77000 rw-p 00000000 00:00 0                                  [heap]
6c7400000-6c7980000 rw-p 00000000 00:00 0 
6c7980000-76d180000 ---p 00000000 00:00 0 
76d180000-76d400000 rw-p 00000000 00:00 0 
76d400000-7c0000000 ---p 00000000 00:00 0 
7f5f15000000-7f5f15270000 rwxp 00000000 00:00 0 
7f5f15270000-7f5f24000000 ---p 00000000 00:00 0 
7f5f24000000-7f5f24039000 rw-p 00000000 00:00 0 
7f5f24039000-7f5f28000000 ---p 00000000 00:00 0 
7f5f28d83000-7f5f28d84000 ---p 00000000 00:00 0 
7f5f28d84000-7f5f28e84000 rw-p 00000000 00:00 0 
7f5f28e84000-7f5f28e85000 ---p 00000000 00:00 0 
7f5f28e85000-7f5f28f88000 rw-p 00000000 00:00 0 
7f5f28f88000-7f5f294b4000 ---p 00000000 00:00 0 
7f5f294b4000-7f5f294b7000 rw-p 00000000 00:00 0 
7f5f294b7000-7f5f299e2000 ---p 00000000 00:00 0 
7f5f299e2000-7f5f299e4000 rw-p 00000000 00:00 0 
7f5f299e4000-7f5f29c7a000 ---p 00000000 00:00 0 
7f5f29c7a000-7f5f29c85000 rw-p 00000000 00:00 0 
7f5f29c85000-7f5f2a03b000 ---p 00000000 00:00 0 
7f5f2a03b000-7f5f2a043000 r-xp 00000000 08:01 17046580                   /usr/lib/jvm/java-8-openjdk-amd64/jre/lib/amd64/libzip.so
7f5f2a043000-7f5f2a242000 ---p 00008000 08:01 17046580                   /usr/lib/jvm/java-8-openjdk-amd64/jre/lib/amd64/libzip.so
7f5f2a242000-7f5f2a243000 r--p 00007000 08:01 17046580                   /usr/lib/jvm/java-8-openjdk-amd64/jre/lib/amd64/libzip.so
7f5f2a243000-7f5f2a244000 rw-p 00008000 08:01 17046580                   /usr/lib/jvm/java-8-openjdk-amd64/jre/lib/amd64/libzip.so
7f5f2a244000-7f5f2a24f000 r-xp 00000000 08:01 21364832                   /lib/x86_64-linux-gnu/libnss_files-2.23.so
7f5f2a24f000-7f5f2a44e000 ---p 0000b000 08:01 21364832                   /lib/x86_64-linux-gnu/libnss_files-2.23.so
7f5f2a44e000-7f5f2a44f000 r--p 0000a000 08:01 21364832                   /lib/x86_64-linux-gnu/libnss_files-2.23.so
7f5f2a44f000-7f5f2a450000 rw-p 0000b000 08:01 21364832                   /lib/x86_64-linux-gnu/libnss_files-2.23.so
7f5f2a450000-7f5f2a456000 rw-p 00000000 00:00 0 
7f5f2a456000-7f5f2a461000 r-xp 00000000 08:01 21369297                   /lib/x86_64-linux-gnu/libnss_nis-2.23.so
7f5f2a461000-7f5f2a660000 ---p 0000b000 08:01 21369297                   /lib/x86_64-linux-gnu/libnss_nis-2.23.so
7f5f2a660000-7f5f2a661000 r--p 0000a000 08:01 21369297                   /lib/x86_64-linux-gnu/libnss_nis-2.23.so
7f5f2a661000-7f5f2a662000 rw-p 0000b000 08:01 21369297                   /lib/x86_64-linux-gnu/libnss_nis-2.23.so
7f5f2a662000-7f5f2a678000 r-xp 00000000 08:01 21364750                   /lib/x86_64-linux-gnu/libnsl-2.23.so
7f5f2a678000-7f5f2a877000 ---p 00016000 08:01 21364750                   /lib/x86_64-linux-gnu/libnsl-2.23.so
7f5f2a877000-7f5f2a878000 r--p 00015000 08:01 21364750                   /lib/x86_64-linux-gnu/libnsl-2.23.so
7f5f2a878000-7f5f2a879000 rw-p 00016000 08:01 21364750                   /lib/x86_64-linux-gnu/libnsl-2.23.so
7f5f2a879000-7f5f2a87b000 rw-p 00000000 00:00 0 
7f5f2a87b000-7f5f2a883000 r-xp 00000000 08:01 21364827                   /lib/x86_64-linux-gnu/libnss_compat-2.23.so
7f5f2a883000-7f5f2aa82000 ---p 00008000 08:01 21364827                   /lib/x86_64-linux-gnu/libnss_compat-2.23.so
7f5f2aa82000-7f5f2aa83000 r--p 00007000 08:01 21364827                   /lib/x86_64-linux-gnu/libnss_compat-2.23.so
7f5f2aa83000-7f5f2aa84000 rw-p 00008000 08:01 21364827                   /lib/x86_64-linux-gnu/libnss_compat-2.23.so
7f5f2aa84000-7f5f2aab1000 r-xp 00000000 08:01 17046571                   /usr/lib/jvm/java-8-openjdk-amd64/jre/lib/amd64/libjava.so
7f5f2aab1000-7f5f2acb0000 ---p 0002d000 08:01 17046571                   /usr/lib/jvm/java-8-openjdk-amd64/jre/lib/amd64/libjava.so
7f5f2acb0000-7f5f2acb1000 r--p 0002c000 08:01 17046571                   /usr/lib/jvm/java-8-openjdk-amd64/jre/lib/amd64/libjava.so
7f5f2acb1000-7f5f2acb3000 rw-p 0002d000 08:01 17046571                   /usr/lib/jvm/java-8-openjdk-amd64/jre/lib/amd64/libjava.so
7f5f2acb3000-7f5f2acc2000 r-xp 00000000 08:01 17046557                   /usr/lib/jvm/java-8-openjdk-amd64/jre/lib/amd64/libverify.so
7f5f2acc2000-7f5f2aec1000 ---p 0000f000 08:01 17046557                   /usr/lib/jvm/java-8-openjdk-amd64/jre/lib/amd64/libverify.so
7f5f2aec1000-7f5f2aec3000 r--p 0000e000 08:01 17046557                   /usr/lib/jvm/java-8-openjdk-amd64/jre/lib/amd64/libverify.so
7f5f2aec3000-7f5f2aec4000 rw-p 00010000 08:01 17046557                   /usr/lib/jvm/java-8-openjdk-amd64/jre/lib/amd64/libverify.so
7f5f2aec4000-7f5f2aecb000 r-xp 00000000 08:01 21369298                   /lib/x86_64-linux-gnu/librt-2.23.so
7f5f2aecb000-7f5f2b0ca000 ---p 00007000 08:01 21369298                   /lib/x86_64-linux-gnu/librt-2.23.so
7f5f2b0ca000-7f5f2b0cb000 r--p 00006000 08:01 21369298                   /lib/x86_64-linux-gnu/librt-2.23.so
7f5f2b0cb000-7f5f2b0cc000 rw-p 00007000 08:01 21369298                   /lib/x86_64-linux-gnu/librt-2.23.so
7f5f2b0cc000-7f5f2b0e2000 r-xp 00000000 08:01 21369318                   /lib/x86_64-linux-gnu/libgcc_s.so.1
7f5f2b0e2000-7f5f2b2e1000 ---p 00016000 08:01 21369318                   /lib/x86_64-linux-gnu/libgcc_s.so.1
7f5f2b2e1000-7f5f2b2e2000 rw-p 00015000 08:01 21369318                   /lib/x86_64-linux-gnu/libgcc_s.so.1
7f5f2b2e2000-7f5f2b3ea000 r-xp 00000000 08:01 21364741                   /lib/x86_64-linux-gnu/libm-2.23.so
7f5f2b3ea000-7f5f2b5e9000 ---p 00108000 08:01 21364741                   /lib/x86_64-linux-gnu/libm-2.23.so
7f5f2b5e9000-7f5f2b5ea000 r--p 00107000 08:01 21364741                   /lib/x86_64-linux-gnu/libm-2.23.so
7f5f2b5ea000-7f5f2b5eb000 rw-p 00108000 08:01 21364741                   /lib/x86_64-linux-gnu/libm-2.23.so
7f5f2b5eb000-7f5f2b75d000 r-xp 00000000 08:01 12582941                   /usr/lib/x86_64-linux-gnu/libstdc++.so.6.0.21
7f5f2b75d000-7f5f2b95d000 ---p 00172000 08:01 12582941                   /usr/lib/x86_64-linux-gnu/libstdc++.so.6.0.21
7f5f2b95d000-7f5f2b967000 r--p 00172000 08:01 12582941                   /usr/lib/x86_64-linux-gnu/libstdc++.so.6.0.21
7f5f2b967000-7f5f2b969000 rw-p 0017c000 08:01 12582941                   /usr/lib/x86_64-linux-gnu/libstdc++.so.6.0.21
7f5f2b969000-7f5f2b96d000 rw-p 00000000 00:00 0 
7f5f2b96d000-7f5f2c5c6000 r-xp 00000000 08:01 17046586                   /usr/lib/jvm/java-8-openjdk-amd64/jre/lib/amd64/server/libjvm.so
7f5f2c5c6000-7f5f2c7c6000 ---p 00c59000 08:01 17046586                   /usr/lib/jvm/java-8-openjdk-amd64/jre/lib/amd64/server/libjvm.so
7f5f2c7c6000-7f5f2c859000 r--p 00c59000 08:01 17046586                   /usr/lib/jvm/java-8-openjdk-amd64/jre/lib/amd64/server/libjvm.so
7f5f2c859000-7f5f2c882000 rw-p 00cec000 08:01 17046586                   /usr/lib/jvm/java-8-openjdk-amd64/jre/lib/amd64/server/libjvm.so
7f5f2c882000-7f5f2c8b2000 rw-p 00000000 00:00 0 
7f5f2c8b2000-7f5f2c8ca000 r-xp 00000000 08:01 21364761                   /lib/x86_64-linux-gnu/libpthread-2.23.so
7f5f2c8ca000-7f5f2cac9000 ---p 00018000 08:01 21364761                   /lib/x86_64-linux-gnu/libpthread-2.23.so
7f5f2cac9000-7f5f2caca000 r--p 00017000 08:01 21364761                   /lib/x86_64-linux-gnu/libpthread-2.23.so
7f5f2caca000-7f5f2cacb000 rw-p 00018000 08:01 21364761                   /lib/x86_64-linux-gnu/libpthread-2.23.so
7f5f2cacb000-7f5f2cacf000 rw-p 00000000 00:00 0 
7f5f2cacf000-7f5f2cad2000 r-xp 00000000 08:01 21364821                   /lib/x86_64-linux-gnu/libdl-2.23.so
7f5f2cad2000-7f5f2ccd1000 ---p 00003000 08:01 21364821                   /lib/x86_64-linux-gnu/libdl-2.23.so
7f5f2ccd1000-7f5f2ccd2000 r--p 00002000 08:01 21364821                   /lib/x86_64-linux-gnu/libdl-2.23.so
7f5f2ccd2000-7f5f2ccd3000 rw-p 00003000 08:01 21364821                   /lib/x86_64-linux-gnu/libdl-2.23.so
7f5f2ccd3000-7f5f2ccec000 r-xp 00000000 08:01 21369253                   /lib/x86_64-linux-gnu/libz.so.1.2.8
7f5f2ccec000-7f5f2ceeb000 ---p 00019000 08:01 21369253                   /lib/x86_64-linux-gnu/libz.so.1.2.8
7f5f2ceeb000-7f5f2ceec000 r--p 00018000 08:01 21369253                   /lib/x86_64-linux-gnu/libz.so.1.2.8
7f5f2ceec000-7f5f2ceed000 rw-p 00019000 08:01 21369253                   /lib/x86_64-linux-gnu/libz.so.1.2.8
7f5f2ceed000-7f5f2d0ad000 r-xp 00000000 08:01 21364819                   /lib/x86_64-linux-gnu/libc-2.23.so
7f5f2d0ad000-7f5f2d2ad000 ---p 001c0000 08:01 21364819                   /lib/x86_64-linux-gnu/libc-2.23.so
7f5f2d2ad000-7f5f2d2b1000 r--p 001c0000 08:01 21364819                   /lib/x86_64-linux-gnu/libc-2.23.so
7f5f2d2b1000-7f5f2d2b3000 rw-p 001c4000 08:01 21364819                   /lib/x86_64-linux-gnu/libc-2.23.so
7f5f2d2b3000-7f5f2d2b7000 rw-p 00000000 00:00 0 
7f5f2d2b7000-7f5f2d2c4000 r-xp 00000000 08:01 17046582                   /usr/lib/jvm/java-8-openjdk-amd64/jre/lib/amd64/jli/libjli.so
7f5f2d2c4000-7f5f2d4c4000 ---p 0000d000 08:01 17046582                   /usr/lib/jvm/java-8-openjdk-amd64/jre/lib/amd64/jli/libjli.so
7f5f2d4c4000-7f5f2d4c5000 r--p 0000d000 08:01 17046582                   /usr/lib/jvm/java-8-openjdk-amd64/jre/lib/amd64/jli/libjli.so
7f5f2d4c5000-7f5f2d4c6000 rw-p 0000e000 08:01 17046582                   /usr/lib/jvm/java-8-openjdk-amd64/jre/lib/amd64/jli/libjli.so
7f5f2d4c6000-7f5f2d4ec000 r-xp 00000000 08:01 21364753                   /lib/x86_64-linux-gnu/ld-2.23.so
7f5f2d5ce000-7f5f2d5d1000 ---p 00000000 00:00 0 
7f5f2d5d1000-7f5f2d6d3000 rw-p 00000000 00:00 0 
7f5f2d6e0000-7f5f2d6e8000 rw-s 00000000 08:01 24379543                   /tmp/hsperfdata_xiong/25385
7f5f2d6e8000-7f5f2d6e9000 rw-p 00000000 00:00 0 
7f5f2d6e9000-7f5f2d6ea000 r--p 00000000 00:00 0 
7f5f2d6ea000-7f5f2d6eb000 rw-p 00000000 00:00 0 
7f5f2d6eb000-7f5f2d6ec000 r--p 00025000 08:01 21364753                   /lib/x86_64-linux-gnu/ld-2.23.so
7f5f2d6ec000-7f5f2d6ed000 rw-p 00026000 08:01 21364753                   /lib/x86_64-linux-gnu/ld-2.23.so
7f5f2d6ed000-7f5f2d6ee000 rw-p 00000000 00:00 0 
7fffbf0af000-7fffbf0d1000 rw-p 00000000 00:00 0                          [stack]
7fffbf18d000-7fffbf190000 r--p 00000000 00:00 0                          [vvar]
7fffbf190000-7fffbf192000 r-xp 00000000 00:00 0                          [vdso]
ffffffffff600000-ffffffffff601000 r-xp 00000000 00:00 0                  [vsyscall]

VM Arguments:
jvm_args: -Dapplication.home=/usr/lib/jvm/java-8-openjdk-amd64 -Xms8m 
java_command: sun.tools.jps.Jps
java_class_path (initial): /usr/lib/jvm/java-8-openjdk-amd64/lib/tools.jar:/usr/lib/jvm/java-8-openjdk-amd64/classes
Launcher Type: SUN_STANDARD

Environment Variables:
PATH=/home/xiong/bin:/home/xiong/.local/bin:/usr/local/sbin:/usr/local/bin:/usr/sbin:/usr/bin:/sbin:/bin:/usr/games:/usr/local/games:/snap/bin:/usr/local/ant/bin:/usr/local/ant/bin
SHELL=/bin/bash
DISPLAY=:0

Signal Handlers:
SIGSEGV: [libjvm.so+0xa6e6f0], sa_mask[0]=11111111011111111101111111111110, sa_flags=SA_RESTART|SA_SIGINFO
SIGBUS: [libjvm.so+0xa6e6f0], sa_mask[0]=11111111011111111101111111111110, sa_flags=SA_RESTART|SA_SIGINFO
SIGFPE: [libjvm.so+0x8b5d50], sa_mask[0]=11111111011111111101111111111110, sa_flags=SA_RESTART|SA_SIGINFO
SIGPIPE: [libjvm.so+0x8b5d50], sa_mask[0]=11111111011111111101111111111110, sa_flags=SA_RESTART|SA_SIGINFO
SIGXFSZ: [libjvm.so+0x8b5d50], sa_mask[0]=11111111011111111101111111111110, sa_flags=SA_RESTART|SA_SIGINFO
SIGILL: [libjvm.so+0x8b5d50], sa_mask[0]=11111111011111111101111111111110, sa_flags=SA_RESTART|SA_SIGINFO
SIGUSR1: SIG_DFL, sa_mask[0]=00000000000000000000000000000000, sa_flags=none
SIGUSR2: [libjvm.so+0x8b5c00], sa_mask[0]=00000000000000000000000000000000, sa_flags=SA_RESTART|SA_SIGINFO
SIGHUP: SIG_DFL, sa_mask[0]=00000000000000000000000000000000, sa_flags=none
SIGINT: SIG_DFL, sa_mask[0]=00000000000000000000000000000000, sa_flags=none
SIGTERM: SIG_DFL, sa_mask[0]=00000000000000000000000000000000, sa_flags=none
SIGQUIT: SIG_DFL, sa_mask[0]=00000000000000000000000000000000, sa_flags=none


---------------  S Y S T E M  ---------------

OS:DISTRIB_ID=Ubuntu
DISTRIB_RELEASE=16.04
DISTRIB_CODENAME=xenial
DISTRIB_DESCRIPTION="Ubuntu 16.04.4 LTS"

uname:Linux 4.13.0-45-generic #50~16.04.1-Ubuntu SMP Wed May 30 11:18:27 UTC 2018 x86_64
libc:glibc 2.23 NPTL 2.23 
rlimit: STACK 8192k, CORE 0k, NPROC 63441, NOFILE 1048576, AS infinity
load average:13.43 5.15 4.19

/proc/meminfo:
MemTotal:       16294156 kB
MemFree:         7617580 kB
MemAvailable:    9960544 kB
Buffers:          311096 kB
Cached:          2702320 kB
SwapCached:            0 kB
Active:          6263136 kB
Inactive:        1627220 kB
Active(anon):    4885760 kB
Inactive(anon):   578684 kB
Active(file):    1377376 kB
Inactive(file):  1048536 kB
Unevictable:          64 kB
Mlocked:              64 kB
SwapTotal:      16644092 kB
SwapFree:       16644092 kB
Dirty:               864 kB
Writeback:             0 kB
AnonPages:       4876960 kB
Mapped:           646672 kB
Shmem:            587508 kB
Slab:             435368 kB
SReclaimable:     253088 kB
SUnreclaim:       182280 kB
KernelStack:      199424 kB
PageTables:        69016 kB
NFS_Unstable:          0 kB
Bounce:                0 kB
WritebackTmp:          0 kB
CommitLimit:    24791168 kB
Committed_AS:   22437852 kB
VmallocTotal:   34359738367 kB
VmallocUsed:           0 kB
VmallocChunk:          0 kB
HardwareCorrupted:     0 kB
AnonHugePages:         0 kB
ShmemHugePages:        0 kB
ShmemPmdMapped:        0 kB
CmaTotal:              0 kB
CmaFree:               0 kB
HugePages_Total:       0
HugePages_Free:        0
HugePages_Rsvd:        0
HugePages_Surp:        0
Hugepagesize:       2048 kB
DirectMap4k:      168940 kB
DirectMap2M:    10184704 kB
DirectMap1G:     7340032 kB


CPU:total 4 (initial active 4) (2 cores per cpu, 2 threads per core) family 6 model 61 stepping 4, cmov, cx8, fxsr, mmx, sse, sse2, sse3, ssse3, sse4.1, sse4.2, popcnt, avx, avx2, aes, clmul, erms, rtm, 3dnowpref, lzcnt, ht, tsc, tscinvbit, bmi1, bmi2, adx

/proc/cpuinfo:
processor	: 0
vendor_id	: GenuineIntel
cpu family	: 6
model		: 61
model name	: Intel(R) Core(TM) i7-5600U CPU @ 2.60GHz
stepping	: 4
microcode	: 0x2a
cpu MHz		: 1766.863
cache size	: 4096 KB
physical id	: 0
siblings	: 4
core id		: 0
cpu cores	: 2
apicid		: 0
initial apicid	: 0
fpu		: yes
fpu_exception	: yes
cpuid level	: 20
wp		: yes
flags		: fpu vme de pse tsc msr pae mce cx8 apic sep mtrr pge mca cmov pat pse36 clflush dts acpi mmx fxsr sse sse2 ss ht tm pbe syscall nx pdpe1gb rdtscp lm constant_tsc arch_perfmon pebs bts rep_good nopl xtopology nonstop_tsc cpuid aperfmperf pni pclmulqdq dtes64 monitor ds_cpl vmx smx est tm2 ssse3 sdbg fma cx16 xtpr pdcm pcid sse4_1 sse4_2 x2apic movbe popcnt tsc_deadline_timer aes xsave avx f16c rdrand lahf_lm abm 3dnowprefetch cpuid_fault epb invpcid_single pti retpoline intel_pt spec_ctrl tpr_shadow vnmi flexpriority ept vpid fsgsbase tsc_adjust bmi1 hle avx2 smep bmi2 erms invpcid rtm rdseed adx smap xsaveopt dtherm ida arat pln pts
bugs		: cpu_meltdown spectre_v1 spectre_v2 spec_store_bypass
bogomips	: 5187.92
clflush size	: 64
cache_alignment	: 64
address sizes	: 39 bits physical, 48 bits virtual
power management:

processor	: 1
vendor_id	: GenuineIntel
cpu family	: 6
model		: 61
model name	: Intel(R) Core(TM) i7-5600U CPU @ 2.60GHz
stepping	: 4
microcode	: 0x2a
cpu MHz		: 1832.241
cache size	: 4096 KB
physical id	: 0
siblings	: 4
core id		: 1
cpu cores	: 2
apicid		: 2
initial apicid	: 2
fpu		: yes
fpu_exception	: yes
cpuid level	: 20
wp		: yes
flags		: fpu vme de pse tsc msr pae mce cx8 apic sep mtrr pge mca cmov pat pse36 clflush dts acpi mmx fxsr sse sse2 ss ht tm pbe syscall nx pdpe1gb rdtscp lm constant_tsc arch_perfmon pebs bts rep_good nopl xtopology nonstop_tsc cpuid aperfmperf pni pclmulqdq dtes64 monitor ds_cpl vmx smx est tm2 ssse3 sdbg fma cx16 xtpr pdcm pcid sse4_1 sse4_2 x2apic movbe popcnt tsc_deadline_timer aes xsave avx f16c rdrand lahf_lm abm 3dnowprefetch cpuid_fault epb invpcid_single pti retpoline intel_pt spec_ctrl tpr_shadow vnmi flexpriority ept vpid fsgsbase tsc_adjust bmi1 hle avx2 smep bmi2 erms invpcid rtm rdseed adx smap xsaveopt dtherm ida arat pln pts
bugs		: cpu_meltdown spectre_v1 spectre_v2 spec_store_bypass
bogomips	: 5187.92
clflush size	: 64
cache_alignment	: 64
address sizes	: 39 bits physical, 48 bits virtual
power management:

processor	: 2
vendor_id	: GenuineIntel
cpu family	: 6
model		: 61
model name	: Intel(R) Core(TM) i7-5600U CPU @ 2.60GHz
stepping	: 4
microcode	: 0x2a
cpu MHz		: 1620.047
cache size	: 4096 KB
physical id	: 0
siblings	: 4
core id		: 0
cpu cores	: 2
apicid		: 1
initial apicid	: 1
fpu		: yes
fpu_exception	: yes
cpuid level	: 20
wp		: yes
flags		: fpu vme de pse tsc msr pae mce cx8 apic sep mtrr pge mca cmov pat pse36 clflush dts acpi mmx fxsr sse sse2 ss ht tm pbe syscall nx pdpe1gb rdtscp lm constant_tsc arch_perfmon pebs bts rep_good nopl xtopology nonstop_tsc cpuid aperfmperf pni pclmulqdq dtes64 monitor ds_cpl vmx smx est tm2 ssse3 sdbg fma cx16 xtpr pdcm pcid sse4_1 sse4_2 x2apic movbe popcnt tsc_deadline_timer aes xsave avx f16c rdrand lahf_lm abm 3dnowprefetch cpuid_fault epb invpcid_single pti retpoline intel_pt spec_ctrl tpr_shadow vnmi flexpriority ept vpid fsgsbase tsc_adjust bmi1 hle avx2 smep bmi2 erms invpcid rtm rdseed adx smap xsaveopt dtherm ida arat pln pts
bugs		: cpu_meltdown spectre_v1 spectre_v2 spec_store_bypass
bogomips	: 5187.92
clflush size	: 64
cache_alignment	: 64
address sizes	: 39 bits physical, 48 bits virtual
power management:

processor	: 3
vendor_id	: GenuineIntel
cpu family	: 6
model		: 61
model name	: Intel(R) Core(TM) i7-5600U CPU @ 2.60GHz
stepping	: 4
microcode	: 0x2a
cpu MHz		: 1376.059
cache size	: 4096 KB
physical id	: 0
siblings	: 4
core id		: 1
cpu cores	: 2
apicid		: 3
initial apicid	: 3
fpu		: yes
fpu_exception	: yes
cpuid level	: 20
wp		: yes
flags		: fpu vme de pse tsc msr pae mce cx8 apic sep mtrr pge mca cmov pat pse36 clflush dts acpi mmx fxsr sse sse2 ss ht tm pbe syscall nx pdpe1gb rdtscp lm constant_tsc arch_perfmon pebs bts rep_good nopl xtopology nonstop_tsc cpuid aperfmperf pni pclmulqdq dtes64 monitor ds_cpl vmx smx est tm2 ssse3 sdbg fma cx16 xtpr pdcm pcid sse4_1 sse4_2 x2apic movbe popcnt tsc_deadline_timer aes xsave avx f16c rdrand lahf_lm abm 3dnowprefetch cpuid_fault epb invpcid_single pti retpoline intel_pt spec_ctrl tpr_shadow vnmi flexpriority ept vpid fsgsbase tsc_adjust bmi1 hle avx2 smep bmi2 erms invpcid rtm rdseed adx smap xsaveopt dtherm ida arat pln pts
bugs		: cpu_meltdown spectre_v1 spectre_v2 spec_store_bypass
bogomips	: 5187.92
clflush size	: 64
cache_alignment	: 64
address sizes	: 39 bits physical, 48 bits virtual
power management:



Memory: 4k page, physical 16294156k(7617580k free), swap 16644092k(16644092k free)

vm_info: OpenJDK 64-Bit Server VM (25.171-b11) for linux-amd64 JRE (1.8.0_171-8u171-b11-0ubuntu0.16.04.1-b11), built on Apr 27 2018 17:19:03 by "buildd" with gcc 5.4.0 20160609

time: Thu Jul 26 16:52:19 2018
elapsed time: 0 seconds (0d 0h 0m 0s)

